<?xml version="1.0" encoding="UTF-8"?>
<!-- Generated by org.testng.reporters.JUnitReportReporter -->
<testsuite hostname="DESKTOP-UE8CAS3" failures="0" tests="10" name="tests.Tests" time="1.659" errors="0" timestamp="2021-08-31T19:57:36 EET" skipped="0">
  <testcase classname="tests.Tests" name="test_09" time="0.008"/>
  <system-out/>
  <testcase classname="tests.Tests" name="test010" time="1.221"/>
  <system-out/>
  <testcase classname="tests.Tests" name="test_02" time="0.029"/>
  <system-out/>
  <testcase classname="tests.Tests" name="test_05" time="0.026"/>
  <system-out/>
  <testcase classname="tests.Tests" name="test_01" time="0.132"/>
  <system-out/>
  <testcase classname="tests.Tests" name="test_013" time="0.055"/>
  <system-out/>
  <testcase classname="tests.Tests" name="test014" time="0.040"/>
  <system-out/>
  <testcase classname="tests.Tests" name="test_03" time="0.051"/>
  <system-out/>
  <testcase classname="tests.Tests" name="test06" time="0.041"/>
  <system-out/>
  <testcase classname="tests.Tests" name="test_04" time="0.056"/>
  <system-out/>
</testsuite> <!-- tests.Tests -->
