<?xml version="1.0" encoding="UTF-8"?>
<!-- Generated by org.testng.reporters.JUnitReportReporter -->
<testsuite hostname="DESKTOP-E5EEDM8" failures="0" tests="1" name="tests.GetAndPost" time="3.075" errors="0" timestamp="2021-08-31T16:22:37 EET" skipped="0">
  <testcase classname="tests.GetAndPost" name="getProducts" time="3.075"/>
  <system-out/>
</testsuite> <!-- tests.GetAndPost -->
