<?xml version="1.0" encoding="UTF-8"?>
<!-- Generated by org.testng.reporters.JUnitReportReporter -->
<testsuite hostname="DESKTOP-E5EEDM8" failures="0" tests="4" name="Login" time="38.918" errors="0" timestamp="2021-08-31T15:45:14 EET" skipped="0">
  <testcase classname="Login" name="registerAccountWithEmail" time="9.411"/>
  <system-out/>
  <testcase classname="Login" name="registerAccountWithEmail" time="9.266"/>
  <system-out/>
  <testcase classname="Login" name="registerAccountWithEmail" time="9.970"/>
  <system-out/>
  <testcase classname="Login" name="registerAccountWithEmail" time="10.271"/>
  <system-out/>
</testsuite> <!-- Login -->
