<?xml version="1.0" encoding="UTF-8"?>
<!-- Generated by org.testng.reporters.JUnitReportReporter -->
<testsuite hostname="DESKTOP-E5EEDM8" failures="0" tests="1" name="BaseClass" time="4.966" errors="0" timestamp="2021-08-30T14:02:51 EET" skipped="0">
  <testcase classname="BaseClass" name="test" time="4.966"/>
  <system-out/>
</testsuite> <!-- BaseClass -->
