<?xml version="1.0" encoding="UTF-8"?>
<!-- Generated by org.testng.reporters.JUnitReportReporter -->
<testsuite hostname="DESKTOP-E5EEDM8" failures="0" tests="4" name="Register" time="53.190" errors="0" timestamp="2021-08-31T15:25:31 EET" skipped="0">
  <testcase classname="Register" name="registerAccountWithEmail" time="12.590"/>
  <system-out/>
  <testcase classname="Register" name="registerAccountWithEmail" time="12.423"/>
  <system-out/>
  <testcase classname="Register" name="registerAccountWithEmail" time="12.713"/>
  <system-out/>
  <testcase classname="Register" name="registerAccountWithEmail" time="15.464"/>
  <system-out/>
</testsuite> <!-- Register -->
